[     110ms] [ERROR] Failed to load resource: the server responded with a status of 404 (Not Found) @ http://localhost:4300/assets/image/photo/product-chicken-essence.webp:0
[     123ms] [INFO] [webpack-dev-server] Server started: Hot Module Replacement disabled, Live Reloading enabled, Progress disabled, Overlay enabled. @ http://localhost:4300/polyfills.js:990
[     269ms] [WARNING] Could not find Angular Material core theme. Most Material components may not work as expected. For more info refer to the theming guide: https://material.angular.io/guide/theming @ http://localhost:4300/vendor.js:113375
[     313ms] [WARNING] Could not find Angular Material core theme. Most Material components may not work as expected. For more info refer to the theming guide: https://material.angular.io/guide/theming @ http://localhost:4300/vendor.js:113375
[     317ms] [LOG] Angular is running in development mode. @ http://localhost:4300/vendor.js:91043
[     384ms] [WARNING] GSAP target .lm-caption-near not found. https://gsap.com @ http://localhost:4300/default-node_modules_gsap_ScrollTrigger_js-node_modules_gsap_index_js.js:4595
[     384ms] [WARNING] GSAP target .lm-caption-far not found. https://gsap.com @ http://localhost:4300/default-node_modules_gsap_ScrollTrigger_js-node_modules_gsap_index_js.js:4595
[     389ms] [WARNING] GSAP target .lm-caption-near not found. https://gsap.com @ http://localhost:4300/default-node_modules_gsap_ScrollTrigger_js-node_modules_gsap_index_js.js:4595
[     389ms] [WARNING] GSAP target .lm-caption-near not found. https://gsap.com @ http://localhost:4300/default-node_modules_gsap_ScrollTrigger_js-node_modules_gsap_index_js.js:4595
[     389ms] [WARNING] GSAP target .lm-caption-far not found. https://gsap.com @ http://localhost:4300/default-node_modules_gsap_ScrollTrigger_js-node_modules_gsap_index_js.js:4595
[     406ms] [WARNING] GSAP target .craft .craft-anchor not found. https://gsap.com @ http://localhost:4300/default-node_modules_gsap_ScrollTrigger_js-node_modules_gsap_index_js.js:4595
[     406ms] [WARNING] GSAP target  not found. https://gsap.com @ http://localhost:4300/default-node_modules_gsap_ScrollTrigger_js-node_modules_gsap_index_js.js:4595
[     406ms] [WARNING] Element not found: .craft .craft-anchor @ http://localhost:4300/default-node_modules_gsap_ScrollTrigger_js-node_modules_gsap_index_js.js:1581
[     407ms] [WARNING] GSAP target .craft .craft-hero img not found. https://gsap.com @ http://localhost:4300/default-node_modules_gsap_ScrollTrigger_js-node_modules_gsap_index_js.js:4595
[     407ms] [WARNING] GSAP target  not found. https://gsap.com @ http://localhost:4300/default-node_modules_gsap_ScrollTrigger_js-node_modules_gsap_index_js.js:4595
[     407ms] [WARNING] Element not found: .craft .craft-hero @ http://localhost:4300/default-node_modules_gsap_ScrollTrigger_js-node_modules_gsap_index_js.js:1581
[    3543ms] [WARNING] The resource http://localhost:4300/assets/image/photo/product-chicken-essence.webp was preloaded using link preload but not used within a few seconds from the window's load event. Please make sure it has an appropriate `as` value and it is preloaded intentionally. @ http://localhost:4300/:0
[   30650ms] [INFO] [webpack-dev-server] App updated. Recompiling... @ http://localhost:4300/polyfills.js:990
[   32523ms] [INFO] [webpack-dev-server] App updated. Reloading... @ http://localhost:4300/polyfills.js:990
[   32717ms] [ERROR] Failed to load resource: the server responded with a status of 404 (Not Found) @ http://localhost:4300/assets/image/photo/product-chicken-essence.webp:0
[   32732ms] [INFO] [webpack-dev-server] Server started: Hot Module Replacement disabled, Live Reloading enabled, Progress disabled, Overlay enabled. @ http://localhost:4300/polyfills.js:990
[   32794ms] [WARNING] Could not find Angular Material core theme. Most Material components may not work as expected. For more info refer to the theming guide: https://material.angular.io/guide/theming @ http://localhost:4300/vendor.js:113375
[   32809ms] [WARNING] Could not find Angular Material core theme. Most Material components may not work as expected. For more info refer to the theming guide: https://material.angular.io/guide/theming @ http://localhost:4300/vendor.js:113375
[   32814ms] [LOG] Angular is running in development mode. @ http://localhost:4300/vendor.js:91043
[   32866ms] [WARNING] GSAP target .lm-caption-near not found. https://gsap.com @ http://localhost:4300/default-node_modules_gsap_ScrollTrigger_js-node_modules_gsap_index_js.js:4595
[   32866ms] [WARNING] GSAP target .lm-caption-far not found. https://gsap.com @ http://localhost:4300/default-node_modules_gsap_ScrollTrigger_js-node_modules_gsap_index_js.js:4595
[   32872ms] [WARNING] GSAP target .lm-caption-near not found. https://gsap.com @ http://localhost:4300/default-node_modules_gsap_ScrollTrigger_js-node_modules_gsap_index_js.js:4595
[   32872ms] [WARNING] GSAP target .lm-caption-near not found. https://gsap.com @ http://localhost:4300/default-node_modules_gsap_ScrollTrigger_js-node_modules_gsap_index_js.js:4595
[   32873ms] [WARNING] GSAP target .lm-caption-far not found. https://gsap.com @ http://localhost:4300/default-node_modules_gsap_ScrollTrigger_js-node_modules_gsap_index_js.js:4595
[   32886ms] [WARNING] GSAP target .craft .craft-anchor not found. https://gsap.com @ http://localhost:4300/default-node_modules_gsap_ScrollTrigger_js-node_modules_gsap_index_js.js:4595
[   32886ms] [WARNING] GSAP target  not found. https://gsap.com @ http://localhost:4300/default-node_modules_gsap_ScrollTrigger_js-node_modules_gsap_index_js.js:4595
[   32886ms] [WARNING] Element not found: .craft .craft-anchor @ http://localhost:4300/default-node_modules_gsap_ScrollTrigger_js-node_modules_gsap_index_js.js:1581
[   32886ms] [WARNING] GSAP target .craft .craft-hero img not found. https://gsap.com @ http://localhost:4300/default-node_modules_gsap_ScrollTrigger_js-node_modules_gsap_index_js.js:4595
[   32886ms] [WARNING] GSAP target  not found. https://gsap.com @ http://localhost:4300/default-node_modules_gsap_ScrollTrigger_js-node_modules_gsap_index_js.js:4595
[   32887ms] [WARNING] Element not found: .craft .craft-hero @ http://localhost:4300/default-node_modules_gsap_ScrollTrigger_js-node_modules_gsap_index_js.js:1581
[   32940ms] [ERROR] Failed to load resource: the server responded with a status of 404 (Not Found) @ http://localhost:4300/assets/image/refers/%E8%A1%9B%E6%B5%B4/toto-main.jpg:0
[   32940ms] [ERROR] Failed to load resource: the server responded with a status of 404 (Not Found) @ http://localhost:4300/assets/image/refers/%E5%BB%9A%E6%88%BF/stosa-main.jpg:0
[   32940ms] [ERROR] Failed to load resource: the server responded with a status of 404 (Not Found) @ http://localhost:4300/assets/image/refers/%E5%85%AC%E8%A8%AD/skylounge-main.jpg:0
[   35969ms] [WARNING] The resource http://localhost:4300/assets/image/photo/product-chicken-essence.webp was preloaded using link preload but not used within a few seconds from the window's load event. Please make sure it has an appropriate `as` value and it is preloaded intentionally. @ http://localhost:4300/:0
[   37011ms] [INFO] [webpack-dev-server] App updated. Recompiling... @ http://localhost:4300/polyfills.js:990
[   39617ms] [ERROR] [webpack-dev-server] Errors while compiling. Reload prevented. @ http://localhost:4300/polyfills.js:998
[   39619ms] [ERROR] [webpack-dev-server] ERROR
apps/web/src/app/modules/home/pages/default/default.component.ts:102:3 - error TS2304: Cannot find name 'Ｆ'.

102 },Ｆ
      ~
 @ http://localhost:4300/polyfills.js:998
[   42629ms] [WARNING] The resource http://localhost:4300/assets/image/photo/product-chicken-essence.webp was preloaded using link preload but not used within a few seconds from the window's load event. Please make sure it has an appropriate `as` value and it is preloaded intentionally. @ http://localhost:4300/:0
[   43719ms] [INFO] [webpack-dev-server] App updated. Recompiling... @ http://localhost:4300/polyfills.js:990
[   45072ms] [INFO] [webpack-dev-server] App updated. Reloading... @ http://localhost:4300/polyfills.js:990
[   45263ms] [ERROR] Failed to load resource: the server responded with a status of 404 (Not Found) @ http://localhost:4300/assets/image/photo/product-chicken-essence.webp:0
[   45271ms] [INFO] [webpack-dev-server] Server started: Hot Module Replacement disabled, Live Reloading enabled, Progress disabled, Overlay enabled. @ http://localhost:4300/polyfills.js:990
[   45342ms] [WARNING] Could not find Angular Material core theme. Most Material components may not work as expected. For more info refer to the theming guide: https://material.angular.io/guide/theming @ http://localhost:4300/vendor.js:113375
[   45356ms] [WARNING] Could not find Angular Material core theme. Most Material components may not work as expected. For more info refer to the theming guide: https://material.angular.io/guide/theming @ http://localhost:4300/vendor.js:113375
[   45362ms] [LOG] Angular is running in development mode. @ http://localhost:4300/vendor.js:91043
[   45409ms] [WARNING] GSAP target .lm-caption-near not found. https://gsap.com @ http://localhost:4300/default-node_modules_gsap_ScrollTrigger_js-node_modules_gsap_index_js.js:4595
[   45409ms] [WARNING] GSAP target .lm-caption-far not found. https://gsap.com @ http://localhost:4300/default-node_modules_gsap_ScrollTrigger_js-node_modules_gsap_index_js.js:4595
[   45412ms] [WARNING] GSAP target .lm-caption-near not found. https://gsap.com @ http://localhost:4300/default-node_modules_gsap_ScrollTrigger_js-node_modules_gsap_index_js.js:4595
[   45413ms] [WARNING] GSAP target .lm-caption-near not found. https://gsap.com @ http://localhost:4300/default-node_modules_gsap_ScrollTrigger_js-node_modules_gsap_index_js.js:4595
[   45413ms] [WARNING] GSAP target .lm-caption-far not found. https://gsap.com @ http://localhost:4300/default-node_modules_gsap_ScrollTrigger_js-node_modules_gsap_index_js.js:4595
[   45424ms] [WARNING] GSAP target .craft .craft-anchor not found. https://gsap.com @ http://localhost:4300/default-node_modules_gsap_ScrollTrigger_js-node_modules_gsap_index_js.js:4595
[   45425ms] [WARNING] GSAP target  not found. https://gsap.com @ http://localhost:4300/default-node_modules_gsap_ScrollTrigger_js-node_modules_gsap_index_js.js:4595
[   45425ms] [WARNING] Element not found: .craft .craft-anchor @ http://localhost:4300/default-node_modules_gsap_ScrollTrigger_js-node_modules_gsap_index_js.js:1581
[   45426ms] [WARNING] GSAP target .craft .craft-hero img not found. https://gsap.com @ http://localhost:4300/default-node_modules_gsap_ScrollTrigger_js-node_modules_gsap_index_js.js:4595
[   45427ms] [WARNING] GSAP target  not found. https://gsap.com @ http://localhost:4300/default-node_modules_gsap_ScrollTrigger_js-node_modules_gsap_index_js.js:4595
[   45427ms] [WARNING] Element not found: .craft .craft-hero @ http://localhost:4300/default-node_modules_gsap_ScrollTrigger_js-node_modules_gsap_index_js.js:1581
[   45475ms] [ERROR] Failed to load resource: the server responded with a status of 404 (Not Found) @ http://localhost:4300/assets/image/refers/%E8%A1%9B%E6%B5%B4/toto-main.jpg:0
[   45524ms] [ERROR] Failed to load resource: the server responded with a status of 404 (Not Found) @ http://localhost:4300/assets/image/refers/%E5%BB%9A%E6%88%BF/stosa-main.jpg:0
[   45553ms] [ERROR] Failed to load resource: the server responded with a status of 404 (Not Found) @ http://localhost:4300/assets/image/refers/%E5%85%AC%E8%A8%AD/skylounge-main.jpg:0
[   46046ms] [INFO] [webpack-dev-server] App updated. Recompiling... @ http://localhost:4300/polyfills.js:990
[   48704ms] [WARNING] The resource http://localhost:4300/assets/image/photo/product-chicken-essence.webp was preloaded using link preload but not used within a few seconds from the window's load event. Please make sure it has an appropriate `as` value and it is preloaded intentionally. @ http://localhost:4300/:0
[   52050ms] [INFO] [webpack-dev-server] Nothing changed. @ http://localhost:4300/polyfills.js:990
[   52171ms] [INFO] [webpack-dev-server] App updated. Recompiling... @ http://localhost:4300/polyfills.js:990
[   53950ms] [INFO] [webpack-dev-server] App updated. Reloading... @ http://localhost:4300/polyfills.js:990
[   54246ms] [ERROR] Failed to load resource: the server responded with a status of 404 (Not Found) @ http://localhost:4300/assets/image/photo/product-chicken-essence.webp:0
[   54282ms] [INFO] [webpack-dev-server] Server started: Hot Module Replacement disabled, Live Reloading enabled, Progress disabled, Overlay enabled. @ http://localhost:4300/polyfills.js:990
[   54442ms] [WARNING] Could not find Angular Material core theme. Most Material components may not work as expected. For more info refer to the theming guide: https://material.angular.io/guide/theming @ http://localhost:4300/vendor.js:113375
[   54491ms] [WARNING] Could not find Angular Material core theme. Most Material components may not work as expected. For more info refer to the theming guide: https://material.angular.io/guide/theming @ http://localhost:4300/vendor.js:113375
[   54498ms] [LOG] Angular is running in development mode. @ http://localhost:4300/vendor.js:91043
[   54551ms] [WARNING] GSAP target .lm-caption-near not found. https://gsap.com @ http://localhost:4300/default-node_modules_gsap_ScrollTrigger_js-node_modules_gsap_index_js.js:4595
[   54551ms] [WARNING] GSAP target .lm-caption-far not found. https://gsap.com @ http://localhost:4300/default-node_modules_gsap_ScrollTrigger_js-node_modules_gsap_index_js.js:4595
[   54555ms] [WARNING] GSAP target .lm-caption-near not found. https://gsap.com @ http://localhost:4300/default-node_modules_gsap_ScrollTrigger_js-node_modules_gsap_index_js.js:4595
[   54555ms] [WARNING] GSAP target .lm-caption-near not found. https://gsap.com @ http://localhost:4300/default-node_modules_gsap_ScrollTrigger_js-node_modules_gsap_index_js.js:4595
[   54555ms] [WARNING] GSAP target .lm-caption-far not found. https://gsap.com @ http://localhost:4300/default-node_modules_gsap_ScrollTrigger_js-node_modules_gsap_index_js.js:4595
[   54566ms] [WARNING] GSAP target .craft .craft-anchor not found. https://gsap.com @ http://localhost:4300/default-node_modules_gsap_ScrollTrigger_js-node_modules_gsap_index_js.js:4595
[   54567ms] [WARNING] GSAP target  not found. https://gsap.com @ http://localhost:4300/default-node_modules_gsap_ScrollTrigger_js-node_modules_gsap_index_js.js:4595
[   54567ms] [WARNING] Element not found: .craft .craft-anchor @ http://localhost:4300/default-node_modules_gsap_ScrollTrigger_js-node_modules_gsap_index_js.js:1581
[   54568ms] [WARNING] GSAP target .craft .craft-hero img not found. https://gsap.com @ http://localhost:4300/default-node_modules_gsap_ScrollTrigger_js-node_modules_gsap_index_js.js:4595
[   54568ms] [WARNING] GSAP target  not found. https://gsap.com @ http://localhost:4300/default-node_modules_gsap_ScrollTrigger_js-node_modules_gsap_index_js.js:4595
[   54568ms] [WARNING] Element not found: .craft .craft-hero @ http://localhost:4300/default-node_modules_gsap_ScrollTrigger_js-node_modules_gsap_index_js.js:1581
[   54987ms] [ERROR] Failed to load resource: the server responded with a status of 404 (Not Found) @ http://localhost:4300/assets/image/refers/%E8%A1%9B%E6%B5%B4/toto-main.jpg:0
[   54993ms] [ERROR] Failed to load resource: the server responded with a status of 404 (Not Found) @ http://localhost:4300/assets/image/refers/%E5%BB%9A%E6%88%BF/stosa-main.jpg:0
[   55043ms] [ERROR] Failed to load resource: the server responded with a status of 404 (Not Found) @ http://localhost:4300/assets/image/refers/%E5%85%AC%E8%A8%AD/skylounge-main.jpg:0
[   58074ms] [WARNING] The resource http://localhost:4300/assets/image/photo/product-chicken-essence.webp was preloaded using link preload but not used within a few seconds from the window's load event. Please make sure it has an appropriate `as` value and it is preloaded intentionally. @ http://localhost:4300/:0
[  336700ms] [INFO] [webpack-dev-server] App updated. Recompiling... @ http://localhost:4300/polyfills.js:990
[  340269ms] [INFO] [webpack-dev-server] App updated. Reloading... @ http://localhost:4300/polyfills.js:990
[  340514ms] [ERROR] Failed to load resource: the server responded with a status of 404 (Not Found) @ http://localhost:4300/assets/image/photo/product-chicken-essence.webp:0
[  340580ms] [INFO] [webpack-dev-server] Server started: Hot Module Replacement disabled, Live Reloading enabled, Progress disabled, Overlay enabled. @ http://localhost:4300/polyfills.js:990
[  340867ms] [WARNING] Could not find Angular Material core theme. Most Material components may not work as expected. For more info refer to the theming guide: https://material.angular.io/guide/theming @ http://localhost:4300/vendor.js:113375
[  340893ms] [WARNING] Could not find Angular Material core theme. Most Material components may not work as expected. For more info refer to the theming guide: https://material.angular.io/guide/theming @ http://localhost:4300/vendor.js:113375
[  340902ms] [LOG] Angular is running in development mode. @ http://localhost:4300/vendor.js:91043
[  340963ms] [WARNING] GSAP target .lm-caption-near not found. https://gsap.com @ http://localhost:4300/default-node_modules_gsap_ScrollTrigger_js-node_modules_gsap_index_js.js:4595
[  340963ms] [WARNING] GSAP target .lm-caption-far not found. https://gsap.com @ http://localhost:4300/default-node_modules_gsap_ScrollTrigger_js-node_modules_gsap_index_js.js:4595
[  340970ms] [WARNING] GSAP target .lm-caption-near not found. https://gsap.com @ http://localhost:4300/default-node_modules_gsap_ScrollTrigger_js-node_modules_gsap_index_js.js:4595
[  340970ms] [WARNING] GSAP target .lm-caption-near not found. https://gsap.com @ http://localhost:4300/default-node_modules_gsap_ScrollTrigger_js-node_modules_gsap_index_js.js:4595
[  340971ms] [WARNING] GSAP target .lm-caption-far not found. https://gsap.com @ http://localhost:4300/default-node_modules_gsap_ScrollTrigger_js-node_modules_gsap_index_js.js:4595
[  340996ms] [WARNING] GSAP target .craft .craft-anchor not found. https://gsap.com @ http://localhost:4300/default-node_modules_gsap_ScrollTrigger_js-node_modules_gsap_index_js.js:4595
[  340996ms] [WARNING] GSAP target  not found. https://gsap.com @ http://localhost:4300/default-node_modules_gsap_ScrollTrigger_js-node_modules_gsap_index_js.js:4595
[  340997ms] [WARNING] Element not found: .craft .craft-anchor @ http://localhost:4300/default-node_modules_gsap_ScrollTrigger_js-node_modules_gsap_index_js.js:1581
[  340997ms] [WARNING] GSAP target .craft .craft-hero img not found. https://gsap.com @ http://localhost:4300/default-node_modules_gsap_ScrollTrigger_js-node_modules_gsap_index_js.js:4595
[  340997ms] [WARNING] GSAP target  not found. https://gsap.com @ http://localhost:4300/default-node_modules_gsap_ScrollTrigger_js-node_modules_gsap_index_js.js:4595
[  340997ms] [WARNING] Element not found: .craft .craft-hero @ http://localhost:4300/default-node_modules_gsap_ScrollTrigger_js-node_modules_gsap_index_js.js:1581
[  341113ms] [ERROR] Failed to load resource: the server responded with a status of 404 (Not Found) @ http://localhost:4300/assets/image/refers/%E5%85%AC%E8%A8%AD/skylounge-main.jpg:0
[  341114ms] [ERROR] Failed to load resource: the server responded with a status of 404 (Not Found) @ http://localhost:4300/assets/image/refers/%E5%BB%9A%E6%88%BF/stosa-main.jpg:0
[  341115ms] [ERROR] Failed to load resource: the server responded with a status of 404 (Not Found) @ http://localhost:4300/assets/image/refers/%E8%A1%9B%E6%B5%B4/toto-main.jpg:0
[  344141ms] [WARNING] The resource http://localhost:4300/assets/image/photo/product-chicken-essence.webp was preloaded using link preload but not used within a few seconds from the window's load event. Please make sure it has an appropriate `as` value and it is preloaded intentionally. @ http://localhost:4300/:0
[  345771ms] [INFO] [webpack-dev-server] App updated. Recompiling... @ http://localhost:4300/polyfills.js:990
[  349055ms] [INFO] [webpack-dev-server] App updated. Reloading... @ http://localhost:4300/polyfills.js:990
[  349648ms] [ERROR] Failed to load resource: the server responded with a status of 404 (Not Found) @ http://localhost:4300/assets/image/photo/product-chicken-essence.webp:0
[  349704ms] [INFO] [webpack-dev-server] Server started: Hot Module Replacement disabled, Live Reloading enabled, Progress disabled, Overlay enabled. @ http://localhost:4300/polyfills.js:990
[  349753ms] [WARNING] Could not find Angular Material core theme. Most Material components may not work as expected. For more info refer to the theming guide: https://material.angular.io/guide/theming @ http://localhost:4300/vendor.js:113375
[  349772ms] [WARNING] Could not find Angular Material core theme. Most Material components may not work as expected. For more info refer to the theming guide: https://material.angular.io/guide/theming @ http://localhost:4300/vendor.js:113375
[  349781ms] [LOG] Angular is running in development mode. @ http://localhost:4300/vendor.js:91043
[  349853ms] [WARNING] GSAP target .lm-caption-near not found. https://gsap.com @ http://localhost:4300/default-node_modules_gsap_ScrollTrigger_js-node_modules_gsap_index_js.js:4595
[  349854ms] [WARNING] GSAP target .lm-caption-far not found. https://gsap.com @ http://localhost:4300/default-node_modules_gsap_ScrollTrigger_js-node_modules_gsap_index_js.js:4595
[  349857ms] [WARNING] GSAP target .lm-caption-near not found. https://gsap.com @ http://localhost:4300/default-node_modules_gsap_ScrollTrigger_js-node_modules_gsap_index_js.js:4595
[  349857ms] [WARNING] GSAP target .lm-caption-near not found. https://gsap.com @ http://localhost:4300/default-node_modules_gsap_ScrollTrigger_js-node_modules_gsap_index_js.js:4595
[  349857ms] [WARNING] GSAP target .lm-caption-far not found. https://gsap.com @ http://localhost:4300/default-node_modules_gsap_ScrollTrigger_js-node_modules_gsap_index_js.js:4595
[  349877ms] [WARNING] GSAP target .craft .craft-anchor not found. https://gsap.com @ http://localhost:4300/default-node_modules_gsap_ScrollTrigger_js-node_modules_gsap_index_js.js:4595
[  349877ms] [WARNING] GSAP target  not found. https://gsap.com @ http://localhost:4300/default-node_modules_gsap_ScrollTrigger_js-node_modules_gsap_index_js.js:4595
[  349877ms] [WARNING] Element not found: .craft .craft-anchor @ http://localhost:4300/default-node_modules_gsap_ScrollTrigger_js-node_modules_gsap_index_js.js:1581
[  349878ms] [WARNING] GSAP target .craft .craft-hero img not found. https://gsap.com @ http://localhost:4300/default-node_modules_gsap_ScrollTrigger_js-node_modules_gsap_index_js.js:4595
[  349878ms] [WARNING] GSAP target  not found. https://gsap.com @ http://localhost:4300/default-node_modules_gsap_ScrollTrigger_js-node_modules_gsap_index_js.js:4595
[  349878ms] [WARNING] Element not found: .craft .craft-hero @ http://localhost:4300/default-node_modules_gsap_ScrollTrigger_js-node_modules_gsap_index_js.js:1581
[  349938ms] [ERROR] Failed to load resource: the server responded with a status of 404 (Not Found) @ http://localhost:4300/assets/image/refers/%E8%A1%9B%E6%B5%B4/toto-main.jpg:0
[  349938ms] [ERROR] Failed to load resource: the server responded with a status of 404 (Not Found) @ http://localhost:4300/assets/image/refers/%E5%BB%9A%E6%88%BF/stosa-main.jpg:0
[  349938ms] [ERROR] Failed to load resource: the server responded with a status of 404 (Not Found) @ http://localhost:4300/assets/image/refers/%E5%85%AC%E8%A8%AD/skylounge-main.jpg:0
[  352992ms] [WARNING] The resource http://localhost:4300/assets/image/photo/product-chicken-essence.webp was preloaded using link preload but not used within a few seconds from the window's load event. Please make sure it has an appropriate `as` value and it is preloaded intentionally. @ http://localhost:4300/:0
[  364105ms] [INFO] [webpack-dev-server] App updated. Recompiling... @ http://localhost:4300/polyfills.js:990
[  366971ms] [INFO] [webpack-dev-server] App updated. Reloading... @ http://localhost:4300/polyfills.js:990
[  369086ms] [ERROR] Failed to load resource: the server responded with a status of 404 (Not Found) @ http://localhost:4300/assets/image/photo/product-chicken-essence.webp:0
[  369289ms] [INFO] [webpack-dev-server] Server started: Hot Module Replacement disabled, Live Reloading enabled, Progress disabled, Overlay enabled. @ http://localhost:4300/polyfills.js:990
[  369774ms] [WARNING] Could not find Angular Material core theme. Most Material components may not work as expected. For more info refer to the theming guide: https://material.angular.io/guide/theming @ http://localhost:4300/vendor.js:113375
[  369829ms] [WARNING] Could not find Angular Material core theme. Most Material components may not work as expected. For more info refer to the theming guide: https://material.angular.io/guide/theming @ http://localhost:4300/vendor.js:113375
[  369835ms] [LOG] Angular is running in development mode. @ http://localhost:4300/vendor.js:91043
[  369892ms] [WARNING] GSAP target .lm-caption-near not found. https://gsap.com @ http://localhost:4300/default-node_modules_gsap_ScrollTrigger_js-node_modules_gsap_index_js.js:4595
[  369892ms] [WARNING] GSAP target .lm-caption-far not found. https://gsap.com @ http://localhost:4300/default-node_modules_gsap_ScrollTrigger_js-node_modules_gsap_index_js.js:4595
[  369894ms] [WARNING] GSAP target .lm-caption-near not found. https://gsap.com @ http://localhost:4300/default-node_modules_gsap_ScrollTrigger_js-node_modules_gsap_index_js.js:4595
[  369895ms] [WARNING] GSAP target .lm-caption-near not found. https://gsap.com @ http://localhost:4300/default-node_modules_gsap_ScrollTrigger_js-node_modules_gsap_index_js.js:4595
[  369895ms] [WARNING] GSAP target .lm-caption-far not found. https://gsap.com @ http://localhost:4300/default-node_modules_gsap_ScrollTrigger_js-node_modules_gsap_index_js.js:4595
[  369910ms] [WARNING] GSAP target .craft .craft-anchor not found. https://gsap.com @ http://localhost:4300/default-node_modules_gsap_ScrollTrigger_js-node_modules_gsap_index_js.js:4595
[  369910ms] [WARNING] GSAP target  not found. https://gsap.com @ http://localhost:4300/default-node_modules_gsap_ScrollTrigger_js-node_modules_gsap_index_js.js:4595
[  369910ms] [WARNING] Element not found: .craft .craft-anchor @ http://localhost:4300/default-node_modules_gsap_ScrollTrigger_js-node_modules_gsap_index_js.js:1581
[  369911ms] [WARNING] GSAP target .craft .craft-hero img not found. https://gsap.com @ http://localhost:4300/default-node_modules_gsap_ScrollTrigger_js-node_modules_gsap_index_js.js:4595
[  369911ms] [WARNING] GSAP target  not found. https://gsap.com @ http://localhost:4300/default-node_modules_gsap_ScrollTrigger_js-node_modules_gsap_index_js.js:4595
[  369911ms] [WARNING] Element not found: .craft .craft-hero @ http://localhost:4300/default-node_modules_gsap_ScrollTrigger_js-node_modules_gsap_index_js.js:1581
[  371433ms] [ERROR] Failed to load resource: the server responded with a status of 404 (Not Found) @ http://localhost:4300/assets/image/refers/%E8%A1%9B%E6%B5%B4/toto-main.jpg:0
[  371438ms] [ERROR] Failed to load resource: the server responded with a status of 404 (Not Found) @ http://localhost:4300/assets/image/refers/%E5%BB%9A%E6%88%BF/stosa-main.jpg:0
[  371441ms] [ERROR] Failed to load resource: the server responded with a status of 404 (Not Found) @ http://localhost:4300/assets/image/refers/%E5%85%AC%E8%A8%AD/skylounge-main.jpg:0
[  374539ms] [WARNING] The resource http://localhost:4300/assets/image/photo/product-chicken-essence.webp was preloaded using link preload but not used within a few seconds from the window's load event. Please make sure it has an appropriate `as` value and it is preloaded intentionally. @ http://localhost:4300/:0
